1680419207008	geckodriver	INFO	Listening on 127.0.0.1:62857
1680419210061	mozrunner::runner	INFO	Running command: "C:\\Program Files\\Mozilla Firefox\\firefox.exe" "--marionette" "--remote-debugging-port" "62858" "--remote-allow-hosts" "localhost" "-no-remote" "-profile" "C:\\Users\\tigerit\\AppData\\Local\\Temp\\rust_mozprofilekncYzu"
console.warn: services.settings: Ignoring preference override of remote settings server
console.warn: services.settings: Allow by setting MOZ_REMOTE_SETTINGS_DEVTOOLS=1 in the environment
1680419210571	Marionette	INFO	Marionette enabled
Dynamically enable window occlusion 0
1680419210574	Marionette	INFO	Listening on port 62873
Read port: 62873
WebDriver BiDi listening on ws://127.0.0.1:62858
1680419210682	RemoteAgent	WARN	TLS certificate errors will be ignored for this session
console.warn: SearchSettings: "get: No settings file exists, new profile?" (new NotFoundError("Could not open the file at C:\\Users\\tigerit\\AppData\\Local\\Temp\\rust_mozprofilekncYzu\\search.json.mozlz4", (void 0)))
DevTools listening on ws://127.0.0.1:62858/devtools/browser/511201a4-fd7a-4afa-8023-1ec74a886878
console.error: (new TypeError("this._searchProviderInfo is null", "resource:///modules/SearchSERPTelemetry.sys.mjs", 468))
console.error: (new TypeError("linkMap is undefined", "resource://gre/modules/NewTabUtils.sys.mjs", 2019))
console.warn: LoginRecipes: "Falling back to a synchronous message for: http://tiger-iam.com."
console.warn: LoginRecipes: "Falling back to a synchronous message for: http://tiger-iam.com."
JavaScript warning: https://pagead2.googlesyndication.com/bg/TbkRrD5BXGyp-AXWn4EJ5yVok9cUGO3dMlQ2-4_WT-o.js line 2 > eval line 3757 > eval line 1 > eval line 1 > eval, line 1: WEBGL_debug_renderer_info is deprecated in Firefox and will be removed. Please use RENDERER.
console.warn: LoginRecipes: "Falling back to a synchronous message for: https://yopmail.com."
JavaScript error: , line 0: TypeError: NetworkError when attempting to fetch resource.
JavaScript error: , line 0: TypeError: NetworkError when attempting to fetch resource.
JavaScript error: , line 0: TypeError: NetworkError when attempting to fetch resource.
1680419663199	Marionette	INFO	Stopped listening on port 62873
Dynamically enable window occlusion 1
