1677049178173	geckodriver	INFO	Listening on 127.0.0.1:57748
1677049181277	mozrunner::runner	INFO	Running command: "C:\\Program Files\\Mozilla Firefox\\firefox.exe" "--marionette" "--remote-debugging-port" "57749" "--remote-allow-hosts" "localhost" "-no-remote" "-profile" "C:\\Users\\tigerit\\AppData\\Local\\Temp\\rust_mozprofileseO1Rd"
console.warn: services.settings: Ignoring preference override of remote settings server
console.warn: services.settings: Allow by setting MOZ_REMOTE_SETTINGS_DEVTOOLS=1 in the environment
1677049182567	Marionette	INFO	Marionette enabled
Dynamically enable window occlusion 0
1677049182570	Marionette	INFO	Listening on port 57771
Read port: 57771
WebDriver BiDi listening on ws://127.0.0.1:57749
1677049182708	RemoteAgent	WARN	TLS certificate errors will be ignored for this session
console.warn: SearchSettings: "get: No settings file exists, new profile?" (new NotFoundError("Could not open the file at C:\\Users\\tigerit\\AppData\\Local\\Temp\\rust_mozprofileseO1Rd\\search.json.mozlz4", (void 0)))
DevTools listening on ws://127.0.0.1:57749/devtools/browser/5fdaf48f-3d5b-4958-a8b6-2593ff106d56
console.error: (new TypeError("this._searchProviderInfo is null", "resource:///modules/SearchSERPTelemetry.sys.mjs", 461))
console.error: (new TypeError("this._searchProviderInfo is null", "resource:///modules/SearchSERPTelemetry.sys.mjs", 461))
console.warn: LoginRecipes: "Falling back to a synchronous message for: http://tiger-iam.com."
console.warn: LoginRecipes: "Falling back to a synchronous message for: http://tiger-iam.com."
console.error: (new TypeError("this._searchProviderInfo is null", "resource:///modules/SearchSERPTelemetry.sys.mjs", 461))
console.warn: LoginRecipes: "Falling back to a synchronous message for: https://yopmail.com."
JavaScript error: , line 0: uncaught exception: undefined
JavaScript error: , line 0: TypeError: NetworkError when attempting to fetch resource.
JavaScript error: , line 0: TypeError: NetworkError when attempting to fetch resource.
JavaScript error: , line 0: TypeError: NetworkError when attempting to fetch resource.
